<?xml version="1.0" encoding="UTF-8"?>
<!-- Generated by org.testng.reporters.JUnitReportReporter -->
<testsuite skipped="1" hostname="DESKTOP-RUAD0RO" name="com.infosys.netBanking.testCases.TC_LoginTest_001" tests="2" failures="0" timestamp="25 Jan 2020 07:24:34 GMT" time="5.111" errors="1">
  <testcase name="test_01" time="0.000" classname="com.infosys.netBanking.testCases.TC_LoginTest_001">
    <skipped/>
  </testcase> <!-- test_01 -->
  <testcase name="setup" time="5.111" classname="com.infosys.netBanking.testCases.TC_LoginTest_001">
    <error type="org.openqa.selenium.SessionNotCreatedException" message="session not created: This version of ChromeDriver only supports Chrome version 75
Build info: version: &#039;3.14.0&#039;, revision: &#039;aacccce0&#039;, time: &#039;2018-08-02T20:19:58.91Z&#039;
System info: host: &#039;DESKTOP-RUAD0RO&#039;, ip: &#039;192.168.1.2&#039;, os.name: &#039;Windows 10&#039;, os.arch: &#039;amd64&#039;, os.version: &#039;10.0&#039;, java.version: &#039;1.8.0_201&#039;
Driver info: driver.version: ChromeDriver
remote stacktrace: Backtrace:
	Ordinal0 [0x00F11B23+1448739]
	Ordinal0 [0x00E95A11+940561]
	Ordinal0 [0x00E22293+467603]
	Ordinal0 [0x00DBF27E+62078]
	Ordinal0 [0x00DBBBBD+48061]
	Ordinal0 [0x00DD8D19+167193]
	Ordinal0 [0x00DD88ED+166125]
	Ordinal0 [0x00DD6FFB+159739]
	Ordinal0 [0x00DC09F6+68086]
	Ordinal0 [0x00DC1990+72080]
	Ordinal0 [0x00DC1929+71977]
	GetHandleVerifier [0x01052E4C+1172140]
	GetHandleVerifier [0x00FAFE35+504469]
	GetHandleVerifier [0x00FAFBD0+503856]
	Ordinal0 [0x00F1C9A8+1493416]
	GetHandleVerifier [0x00FB060A+506474]
	Ordinal0 [0x00EA7136+1012022]
	Ordinal0 [0x00EA6FAF+1011631]
	Ordinal0 [0x00EB133B+1053499]
	Ordinal0 [0x00EB14A3+1053859]
	Ordinal0 [0x00EB04D5+1049813]
	BaseThreadInitThunk [0x76E46359+25]
	RtlGetAppContainerNamedObjectPath [0x77797B74+228]
	RtlGetAppContainerNamedObjectPath [0x77797B44+180]
">
      <![CDATA[org.openqa.selenium.SessionNotCreatedException: session not created: This version of ChromeDriver only supports Chrome version 75
Build info: version: '3.14.0', revision: 'aacccce0', time: '2018-08-02T20:19:58.91Z'
System info: host: 'DESKTOP-RUAD0RO', ip: '192.168.1.2', os.name: 'Windows 10', os.arch: 'amd64', os.version: '10.0', java.version: '1.8.0_201'
Driver info: driver.version: ChromeDriver
remote stacktrace: Backtrace:
Ordinal0 [0x00F11B23+1448739]
Ordinal0 [0x00E95A11+940561]
Ordinal0 [0x00E22293+467603]
Ordinal0 [0x00DBF27E+62078]
Ordinal0 [0x00DBBBBD+48061]
Ordinal0 [0x00DD8D19+167193]
Ordinal0 [0x00DD88ED+166125]
Ordinal0 [0x00DD6FFB+159739]
Ordinal0 [0x00DC09F6+68086]
Ordinal0 [0x00DC1990+72080]
Ordinal0 [0x00DC1929+71977]
GetHandleVerifier [0x01052E4C+1172140]
GetHandleVerifier [0x00FAFE35+504469]
GetHandleVerifier [0x00FAFBD0+503856]
Ordinal0 [0x00F1C9A8+1493416]
GetHandleVerifier [0x00FB060A+506474]
Ordinal0 [0x00EA7136+1012022]
Ordinal0 [0x00EA6FAF+1011631]
Ordinal0 [0x00EB133B+1053499]
Ordinal0 [0x00EB14A3+1053859]
Ordinal0 [0x00EB04D5+1049813]
BaseThreadInitThunk [0x76E46359+25]
RtlGetAppContainerNamedObjectPath [0x77797B74+228]
RtlGetAppContainerNamedObjectPath [0x77797B44+180]

at sun.reflect.NativeConstructorAccessorImpl.newInstance0(Native Method)
at sun.reflect.NativeConstructorAccessorImpl.newInstance(NativeConstructorAccessorImpl.java:62)
at sun.reflect.DelegatingConstructorAccessorImpl.newInstance(DelegatingConstructorAccessorImpl.java:45)
at java.lang.reflect.Constructor.newInstance(Constructor.java:423)
at org.openqa.selenium.remote.W3CHandshakeResponse.lambda$new$0(W3CHandshakeResponse.java:57)
at org.openqa.selenium.remote.W3CHandshakeResponse.lambda$getResponseFunction$2(W3CHandshakeResponse.java:104)
at org.openqa.selenium.remote.ProtocolHandshake.lambda$createSession$0(ProtocolHandshake.java:122)
at java.util.stream.ReferencePipeline$3$1.accept(ReferencePipeline.java:193)
at java.util.Spliterators$ArraySpliterator.tryAdvance(Spliterators.java:958)
at java.util.stream.ReferencePipeline.forEachWithCancel(ReferencePipeline.java:126)
at java.util.stream.AbstractPipeline.copyIntoWithCancel(AbstractPipeline.java:498)
at java.util.stream.AbstractPipeline.copyInto(AbstractPipeline.java:485)
at java.util.stream.AbstractPipeline.wrapAndCopyInto(AbstractPipeline.java:471)
at java.util.stream.FindOps$FindOp.evaluateSequential(FindOps.java:152)
at java.util.stream.AbstractPipeline.evaluate(AbstractPipeline.java:234)
at java.util.stream.ReferencePipeline.findFirst(ReferencePipeline.java:464)
at org.openqa.selenium.remote.ProtocolHandshake.createSession(ProtocolHandshake.java:125)
at org.openqa.selenium.remote.ProtocolHandshake.createSession(ProtocolHandshake.java:73)
at org.openqa.selenium.remote.HttpCommandExecutor.execute(HttpCommandExecutor.java:136)
at org.openqa.selenium.remote.service.DriverCommandExecutor.execute(DriverCommandExecutor.java:83)
at org.openqa.selenium.remote.RemoteWebDriver.execute(RemoteWebDriver.java:548)
at org.openqa.selenium.remote.RemoteWebDriver.startSession(RemoteWebDriver.java:212)
at org.openqa.selenium.remote.RemoteWebDriver.<init>(RemoteWebDriver.java:130)
at org.openqa.selenium.chrome.ChromeDriver.<init>(ChromeDriver.java:181)
at org.openqa.selenium.chrome.ChromeDriver.<init>(ChromeDriver.java:168)
at org.openqa.selenium.chrome.ChromeDriver.<init>(ChromeDriver.java:123)
at com.infosys.netBanking.browseFactory.BrowseFactory.initaiteBrowser(BrowseFactory.java:22)
at com.infosys.netBanking.testCases.TC_LoginTest_001.setup(TC_LoginTest_001.java:21)
at sun.reflect.NativeMethodAccessorImpl.invoke0(Native Method)
at sun.reflect.NativeMethodAccessorImpl.invoke(NativeMethodAccessorImpl.java:62)
at sun.reflect.DelegatingMethodAccessorImpl.invoke(DelegatingMethodAccessorImpl.java:43)
at java.lang.reflect.Method.invoke(Method.java:498)
at org.testng.internal.MethodInvocationHelper.invokeMethod(MethodInvocationHelper.java:124)
at org.testng.internal.MethodInvocationHelper.invokeMethodConsideringTimeout(MethodInvocationHelper.java:59)
at org.testng.internal.Invoker.invokeConfigurationMethod(Invoker.java:458)
at org.testng.internal.Invoker.invokeConfigurations(Invoker.java:222)
at org.testng.internal.Invoker.invokeConfigurations(Invoker.java:142)
at org.testng.TestRunner.beforeRun(TestRunner.java:529)
at org.testng.TestRunner.run(TestRunner.java:497)
at org.testng.SuiteRunner.runTest(SuiteRunner.java:455)
at org.testng.SuiteRunner.runSequentially(SuiteRunner.java:450)
at org.testng.SuiteRunner.privateRun(SuiteRunner.java:415)
at org.testng.SuiteRunner.run(SuiteRunner.java:364)
at org.testng.SuiteRunnerWorker.runSuite(SuiteRunnerWorker.java:52)
at org.testng.SuiteRunnerWorker.run(SuiteRunnerWorker.java:84)
at org.testng.TestNG.runSuitesSequentially(TestNG.java:1208)
at org.testng.TestNG.runSuitesLocally(TestNG.java:1137)
at org.testng.TestNG.runSuites(TestNG.java:1049)
at org.testng.TestNG.run(TestNG.java:1017)
at org.testng.remote.AbstractRemoteTestNG.run(AbstractRemoteTestNG.java:115)
at org.testng.remote.RemoteTestNG.initAndRun(RemoteTestNG.java:251)
at org.testng.remote.RemoteTestNG.main(RemoteTestNG.java:77)
]]>
    </error>
  </testcase> <!-- setup -->
</testsuite> <!-- com.infosys.netBanking.testCases.TC_LoginTest_001 -->
